<?xml version="1.0" encoding="UTF-8"?><testsuites failures="0" name="dependency-check" tests="11"><testsuite failures="0" errors="0" time="0" id="0" name="/home/kali/.m2/repository/commons-codec/commons-codec/1.2/commons-codec-1.2.jar" package="commons-codec-1.2.jar" skipped="0" tests="1" timestamp="2026-01-14T17:24:58.221673"><testcase classname="dependency-check" name="commons-codec-1.2.jar"/></testsuite><testsuite failures="0" errors="0" time="0" id="1" name="/home/kali/.m2/repository/commons-httpclient/commons-httpclient/3.1/commons-httpclient-3.1.jar" package="commons-httpclient-3.1.jar" skipped="0" tests="1" timestamp="2026-01-14T17:24:58.221673"><testcase classname="dependency-check" name="commons-httpclient-3.1.jar"/></testsuite><testsuite failures="0" errors="0" time="0" id="2" name="/home/kali/.m2/repository/commons-logging/commons-logging/1.0.4/commons-logging-1.0.4.jar" package="commons-logging-1.0.4.jar" skipped="0" tests="1" timestamp="2026-01-14T17:24:58.221673"><testcase classname="dependency-check" name="commons-logging-1.0.4.jar"/></testsuite><testsuite failures="0" errors="0" time="0" id="3" name="/home/kali/.m2/repository/org/codehaus/groovy/groovy-all/2.1.6/groovy-all-2.1.6.jar/META-INF/maven/commons-cli/commons-cli/pom.xml" package="groovy-all-2.1.6.jar (shaded: commons-cli:commons-cli:1.2)" skipped="0" tests="1" timestamp="2026-01-14T17:24:58.221673"><testcase classname="dependency-check" name="groovy-all-2.1.6.jar (shaded: commons-cli:commons-cli:1.2)"/></testsuite><testsuite failures="0" errors="0" time="0" id="4" name="/home/kali/.m2/repository/org/codehaus/groovy/groovy-all/2.1.6/groovy-all-2.1.6.jar" package="groovy-all-2.1.6.jar" skipped="0" tests="1" timestamp="2026-01-14T17:24:58.221673"><testcase classname="dependency-check" name="groovy-all-2.1.6.jar"/></testsuite><testsuite failures="0" errors="0" time="0" id="5" name="/home/kali/.m2/repository/com/fasterxml/jackson/core/jackson-annotations/2.4.0/jackson-annotations-2.4.0.jar" package="jackson-annotations-2.4.0.jar" skipped="0" tests="1" timestamp="2026-01-14T17:24:58.221673"><testcase classname="dependency-check" name="jackson-annotations-2.4.0.jar"/></testsuite><testsuite failures="0" errors="0" time="0" id="6" name="/home/kali/.m2/repository/com/fasterxml/jackson/core/jackson-core/2.4.6/jackson-core-2.4.6.jar" package="jackson-core-2.4.6.jar" skipped="0" tests="1" timestamp="2026-01-14T17:24:58.221673"><testcase classname="dependency-check" name="jackson-core-2.4.6.jar"/></testsuite><testsuite failures="0" errors="0" time="0" id="7" name="/home/kali/.m2/repository/com/fasterxml/jackson/core/jackson-databind/2.4.6/jackson-databind-2.4.6.jar" package="jackson-databind-2.4.6.jar" skipped="0" tests="1" timestamp="2026-01-14T17:24:58.221673"><testcase classname="dependency-check" name="jackson-databind-2.4.6.jar"/></testsuite><testsuite failures="0" errors="0" time="0" id="8" name="/home/kali/.m2/repository/com/fasterxml/jackson/jaxrs/jackson-jaxrs-base/2.4.6/jackson-jaxrs-base-2.4.6.jar" package="jackson-jaxrs-base-2.4.6.jar" skipped="0" tests="1" timestamp="2026-01-14T17:24:58.221673"><testcase classname="dependency-check" name="jackson-jaxrs-base-2.4.6.jar"/></testsuite><testsuite failures="0" errors="0" time="0" id="9" name="/home/kali/.m2/repository/com/fasterxml/jackson/jaxrs/jackson-jaxrs-json-provider/2.4.6/jackson-jaxrs-json-provider-2.4.6.jar" package="jackson-jaxrs-json-provider-2.4.6.jar" skipped="0" tests="1" timestamp="2026-01-14T17:24:58.221673"><testcase classname="dependency-check" name="jackson-jaxrs-json-provider-2.4.6.jar"/></testsuite><testsuite failures="0" errors="0" time="0" id="10" name="/home/kali/.m2/repository/com/fasterxml/jackson/module/jackson-module-jaxb-annotations/2.4.6/jackson-module-jaxb-annotations-2.4.6.jar" package="jackson-module-jaxb-annotations-2.4.6.jar" skipped="0" tests="1" timestamp="2026-01-14T17:24:58.221673"><testcase classname="dependency-check" name="jackson-module-jaxb-annotations-2.4.6.jar"/></testsuite></testsuites>